  collision.cpp
C:\Users\Owner\Documents\GitHub\AT12B_Ou\main.h(19,10): fatal error C1083: include ファイルを開けません。'd3dx11.h':No such file or directory
  enemy.cpp
C:\Users\Owner\Documents\GitHub\AT12B_Ou\main.h(19,10): fatal error C1083: include ファイルを開けません。'd3dx11.h':No such file or directory
  fade.cpp
C:\Users\Owner\Documents\GitHub\AT12B_Ou\main.h(19,10): fatal error C1083: include ファイルを開けません。'd3dx11.h':No such file or directory
  game.cpp
C:\Users\Owner\Documents\GitHub\AT12B_Ou\main.h(19,10): fatal error C1083: include ファイルを開けません。'd3dx11.h':No such file or directory
  gas_gauge.cpp
C:\Users\Owner\Documents\GitHub\AT12B_Ou\main.h(19,10): fatal error C1083: include ファイルを開けません。'd3dx11.h':No such file or directory
  input.cpp
C:\Users\Owner\Documents\GitHub\AT12B_Ou\main.h(19,10): fatal error C1083: include ファイルを開けません。'd3dx11.h':No such file or directory
  keyboard.cpp
  main.cpp
C:\Users\Owner\Documents\GitHub\AT12B_Ou\main.h(19,10): fatal error C1083: include ファイルを開けません。'd3dx11.h':No such file or directory
  map.cpp
C:\Users\Owner\Documents\GitHub\AT12B_Ou\main.h(19,10): fatal error C1083: include ファイルを開けません。'd3dx11.h':No such file or directory
  player.cpp
C:\Users\Owner\Documents\GitHub\AT12B_Ou\main.h(19,10): fatal error C1083: include ファイルを開けません。'd3dx11.h':No such file or directory
  renderer.cpp
C:\Users\Owner\Documents\GitHub\AT12B_Ou\main.h(19,10): fatal error C1083: include ファイルを開けません。'd3dx11.h':No such file or directory
  result.cpp
C:\Users\Owner\Documents\GitHub\AT12B_Ou\main.h(19,10): fatal error C1083: include ファイルを開けません。'd3dx11.h':No such file or directory
  scene.cpp
C:\Users\Owner\Documents\GitHub\AT12B_Ou\main.h(19,10): fatal error C1083: include ファイルを開けません。'd3dx11.h':No such file or directory
  sprite.cpp
C:\Users\Owner\Documents\GitHub\AT12B_Ou\main.h(19,10): fatal error C1083: include ファイルを開けません。'd3dx11.h':No such file or directory
  Texture.cpp
C:\Users\Owner\Documents\GitHub\AT12B_Ou\main.h(19,10): fatal error C1083: include ファイルを開けません。'd3dx11.h':No such file or directory
  title.cpp
C:\Users\Owner\Documents\GitHub\AT12B_Ou\main.h(19,10): fatal error C1083: include ファイルを開けません。'd3dx11.h':No such file or directory
  コードを生成中...
